This is pdfTeX, Version 3.141592653-2.6-1.40.26 (TeX Live 2024) (preloaded format=pdflatex 2024.6.4)  29 OCT 2025 02:56
entering extended mode
 restricted \write18 enabled.
 %&-line parsing enabled.
**Paper.tex
(./Paper.tex
LaTeX2e <2024-06-01>
L3 programming layer <2024-05-08>
(c:/Users/Leighton/AppData/Roaming/TinyTeX/texmf-dist/tex/latex/base/article.cls
Document Class: article 2024/06/29 v1.4n Standard LaTeX document class
(c:/Users/Leighton/AppData/Roaming/TinyTeX/texmf-dist/tex/latex/base/size10.clo
File: size10.clo 2024/06/29 v1.4n Standard LaTeX file (size option)
)
\c@part=\count194
\c@section=\count195
\c@subsection=\count196
\c@subsubsection=\count197
\c@paragraph=\count198
\c@subparagraph=\count199
\c@figure=\count266
\c@table=\count267
\abovecaptionskip=\skip49
\belowcaptionskip=\skip50
\bibindent=\dimen141
) (c:/Users/Leighton/AppData/Roaming/TinyTeX/texmf-dist/tex/latex/xcolor/xcolor.sty
Package: xcolor 2024/09/29 v3.02 LaTeX color extensions (UK)
(c:/Users/Leighton/AppData/Roaming/TinyTeX/texmf-dist/tex/latex/graphics-cfg/color.cfg
File: color.cfg 2016/01/02 v1.6 sample color configuration
)
Package xcolor Info: Driver file: pdftex.def on input line 274.
(c:/Users/Leighton/AppData/Roaming/TinyTeX/texmf-dist/tex/latex/graphics-def/pdftex.def
File: pdftex.def 2024/04/13 v1.2c Graphics/color driver for pdftex
) (c:/Users/Leighton/AppData/Roaming/TinyTeX/texmf-dist/tex/latex/graphics/mathcolor.ltx)
Package xcolor Info: Model `cmy' substituted by `cmy0' on input line 1349.
Package xcolor Info: Model `hsb' substituted by `rgb' on input line 1353.
Package xcolor Info: Model `RGB' extended on input line 1365.
Package xcolor Info: Model `HTML' substituted by `rgb' on input line 1367.
Package xcolor Info: Model `Hsb' substituted by `hsb' on input line 1368.
Package xcolor Info: Model `tHsb' substituted by `hsb' on input line 1369.
Package xcolor Info: Model `HSB' substituted by `hsb' on input line 1370.
Package xcolor Info: Model `Gray' substituted by `gray' on input line 1371.
Package xcolor Info: Model `wave' substituted by `hsb' on input line 1372.
) (c:/Users/Leighton/AppData/Roaming/TinyTeX/texmf-dist/tex/latex/geometry/geometry.sty
Package: geometry 2020/01/02 v5.9 Page Geometry
(c:/Users/Leighton/AppData/Roaming/TinyTeX/texmf-dist/tex/latex/graphics/keyval.sty
Package: keyval 2022/05/29 v1.15 key=value parser (DPC)
\KV@toks@=\toks17
) (c:/Users/Leighton/AppData/Roaming/TinyTeX/texmf-dist/tex/generic/iftex/ifvtex.sty
Package: ifvtex 2019/10/25 v1.7 ifvtex legacy package. Use iftex instead.
(c:/Users/Leighton/AppData/Roaming/TinyTeX/texmf-dist/tex/generic/iftex/iftex.sty
Package: iftex 2024/12/12 v1.0g TeX engine tests
))
\Gm@cnth=\count268
\Gm@cntv=\count269
\c@Gm@tempcnt=\count270
\Gm@bindingoffset=\dimen142
\Gm@wd@mp=\dimen143
\Gm@odd@mp=\dimen144
\Gm@even@mp=\dimen145
\Gm@layoutwidth=\dimen146
\Gm@layoutheight=\dimen147
\Gm@layouthoffset=\dimen148
\Gm@layoutvoffset=\dimen149
\Gm@dimlist=\toks18
) (c:/Users/Leighton/AppData/Roaming/TinyTeX/texmf-dist/tex/latex/amsmath/amsmath.sty
Package: amsmath 2024/11/05 v2.17t AMS math features
\@mathmargin=\skip51
For additional information on amsmath, use the `?' option.
(c:/Users/Leighton/AppData/Roaming/TinyTeX/texmf-dist/tex/latex/amsmath/amstext.sty
Package: amstext 2021/08/26 v2.01 AMS text
(c:/Users/Leighton/AppData/Roaming/TinyTeX/texmf-dist/tex/latex/amsmath/amsgen.sty
File: amsgen.sty 1999/11/30 v2.0 generic functions
\@emptytoks=\toks19
\ex@=\dimen150
)) (c:/Users/Leighton/AppData/Roaming/TinyTeX/texmf-dist/tex/latex/amsmath/amsbsy.sty
Package: amsbsy 1999/11/29 v1.2d Bold Symbols
\pmbraise@=\dimen151
) (c:/Users/Leighton/AppData/Roaming/TinyTeX/texmf-dist/tex/latex/amsmath/amsopn.sty
Package: amsopn 2022/04/08 v2.04 operator names
)
\inf@bad=\count271
LaTeX Info: Redefining \frac on input line 233.
\uproot@=\count272
\leftroot@=\count273
LaTeX Info: Redefining \overline on input line 398.
LaTeX Info: Redefining \colon on input line 409.
\classnum@=\count274
\DOTSCASE@=\count275
LaTeX Info: Redefining \ldots on input line 495.
LaTeX Info: Redefining \dots on input line 498.
LaTeX Info: Redefining \cdots on input line 619.
\Mathstrutbox@=\box52
\strutbox@=\box53
LaTeX Info: Redefining \big on input line 721.
LaTeX Info: Redefining \Big on input line 722.
LaTeX Info: Redefining \bigg on input line 723.
LaTeX Info: Redefining \Bigg on input line 724.
\big@size=\dimen152
LaTeX Font Info:    Redeclaring font encoding OML on input line 742.
LaTeX Font Info:    Redeclaring font encoding OMS on input line 743.
\macc@depth=\count276
LaTeX Info: Redefining \bmod on input line 904.
LaTeX Info: Redefining \pmod on input line 909.
LaTeX Info: Redefining \smash on input line 939.
LaTeX Info: Redefining \relbar on input line 969.
LaTeX Info: Redefining \Relbar on input line 970.
\c@MaxMatrixCols=\count277
\dotsspace@=\muskip17
\c@parentequation=\count278
\dspbrk@lvl=\count279
\tag@help=\toks20
\row@=\count280
\column@=\count281
\maxfields@=\count282
\andhelp@=\toks21
\eqnshift@=\dimen153
\alignsep@=\dimen154
\tagshift@=\dimen155
\tagwidth@=\dimen156
\totwidth@=\dimen157
\lineht@=\dimen158
\@envbody=\toks22
\multlinegap=\skip52
\multlinetaggap=\skip53
\mathdisplay@stack=\toks23
LaTeX Info: Redefining \[ on input line 2953.
LaTeX Info: Redefining \] on input line 2954.
) (c:/Users/Leighton/AppData/Roaming/TinyTeX/texmf-dist/tex/latex/amsfonts/amssymb.sty
Package: amssymb 2013/01/14 v3.01 AMS font symbols
(c:/Users/Leighton/AppData/Roaming/TinyTeX/texmf-dist/tex/latex/amsfonts/amsfonts.sty
Package: amsfonts 2013/01/14 v3.01 Basic AMSFonts support
\symAMSa=\mathgroup4
\symAMSb=\mathgroup5
LaTeX Font Info:    Redeclaring math symbol \hbar on input line 98.
LaTeX Font Info:    Overwriting math alphabet `\mathfrak' in version `bold'
(Font)                  U/euf/m/n --> U/euf/b/n on input line 106.
)) (c:/Users/Leighton/AppData/Roaming/TinyTeX/texmf-dist/tex/latex/base/fontenc.sty
Package: fontenc 2021/04/29 v2.0v Standard LaTeX package
) (c:/Users/Leighton/AppData/Roaming/TinyTeX/texmf-dist/tex/latex/base/inputenc.sty
Package: inputenc 2024/02/08 v1.3d Input encoding file
\inpenc@prehook=\toks24
\inpenc@posthook=\toks25
) (c:/Users/Leighton/AppData/Roaming/TinyTeX/texmf-dist/tex/latex/base/textcomp.sty
Package: textcomp 2024/04/24 v2.1b Standard LaTeX package
) (c:/Users/Leighton/AppData/Roaming/TinyTeX/texmf-dist/tex/latex/lm/lmodern.sty
Package: lmodern 2015/05/01 v1.6.1 Latin Modern Fonts
LaTeX Font Info:    Overwriting symbol font `operators' in version `normal'
(Font)                  OT1/cmr/m/n --> OT1/lmr/m/n on input line 22.
LaTeX Font Info:    Overwriting symbol font `letters' in version `normal'
(Font)                  OML/cmm/m/it --> OML/lmm/m/it on input line 23.
LaTeX Font Info:    Overwriting symbol font `symbols' in version `normal'
(Font)                  OMS/cmsy/m/n --> OMS/lmsy/m/n on input line 24.
LaTeX Font Info:    Overwriting symbol font `largesymbols' in version `normal'
(Font)                  OMX/cmex/m/n --> OMX/lmex/m/n on input line 25.
LaTeX Font Info:    Overwriting symbol font `operators' in version `bold'
(Font)                  OT1/cmr/bx/n --> OT1/lmr/bx/n on input line 26.
LaTeX Font Info:    Overwriting symbol font `letters' in version `bold'
(Font)                  OML/cmm/b/it --> OML/lmm/b/it on input line 27.
LaTeX Font Info:    Overwriting symbol font `symbols' in version `bold'
(Font)                  OMS/cmsy/b/n --> OMS/lmsy/b/n on input line 28.
LaTeX Font Info:    Overwriting symbol font `largesymbols' in version `bold'
(Font)                  OMX/cmex/m/n --> OMX/lmex/m/n on input line 29.
LaTeX Font Info:    Overwriting math alphabet `\mathbf' in version `normal'
(Font)                  OT1/cmr/bx/n --> OT1/lmr/bx/n on input line 31.
LaTeX Font Info:    Overwriting math alphabet `\mathsf' in version `normal'
(Font)                  OT1/cmss/m/n --> OT1/lmss/m/n on input line 32.
LaTeX Font Info:    Overwriting math alphabet `\mathit' in version `normal'
(Font)                  OT1/cmr/m/it --> OT1/lmr/m/it on input line 33.
LaTeX Font Info:    Overwriting math alphabet `\mathtt' in version `normal'
(Font)                  OT1/cmtt/m/n --> OT1/lmtt/m/n on input line 34.
LaTeX Font Info:    Overwriting math alphabet `\mathbf' in version `bold'
(Font)                  OT1/cmr/bx/n --> OT1/lmr/bx/n on input line 35.
LaTeX Font Info:    Overwriting math alphabet `\mathsf' in version `bold'
(Font)                  OT1/cmss/bx/n --> OT1/lmss/bx/n on input line 36.
LaTeX Font Info:    Overwriting math alphabet `\mathit' in version `bold'
(Font)                  OT1/cmr/bx/it --> OT1/lmr/bx/it on input line 37.
LaTeX Font Info:    Overwriting math alphabet `\mathtt' in version `bold'
(Font)                  OT1/cmtt/m/n --> OT1/lmtt/m/n on input line 38.
) (c:/Users/Leighton/AppData/Roaming/TinyTeX/texmf-dist/tex/latex/fancyvrb/fancyvrb.sty
Package: fancyvrb 2024/01/20 4.5c verbatim text (tvz,hv)
\FV@CodeLineNo=\count283
\FV@InFile=\read2
\FV@TabBox=\box54
\c@FancyVerbLine=\count284
\FV@StepNumber=\count285
\FV@OutFile=\write3
) (c:/Users/Leighton/AppData/Roaming/TinyTeX/texmf-dist/tex/latex/framed/framed.sty
Package: framed 2011/10/22 v 0.96: framed or shaded text with page breaks
\OuterFrameSep=\skip54
\fb@frw=\dimen159
\fb@frh=\dimen160
\FrameRule=\dimen161
\FrameSep=\dimen162
) (c:/Users/Leighton/AppData/Roaming/TinyTeX/texmf-dist/tex/latex/graphics/graphicx.sty
Package: graphicx 2021/09/16 v1.2d Enhanced LaTeX Graphics (DPC,SPQR)
(c:/Users/Leighton/AppData/Roaming/TinyTeX/texmf-dist/tex/latex/graphics/graphics.sty
Package: graphics 2024/08/06 v1.4g Standard LaTeX Graphics (DPC,SPQR)
(c:/Users/Leighton/AppData/Roaming/TinyTeX/texmf-dist/tex/latex/graphics/trig.sty
Package: trig 2023/12/02 v1.11 sin cos tan (DPC)
) (c:/Users/Leighton/AppData/Roaming/TinyTeX/texmf-dist/tex/latex/graphics-cfg/graphics.cfg
File: graphics.cfg 2016/06/04 v1.11 sample graphics configuration
)
Package graphics Info: Driver file: pdftex.def on input line 106.
)
\Gin@req@height=\dimen163
\Gin@req@width=\dimen164
)
\pandoc@box=\box55
(c:/Users/Leighton/AppData/Roaming/TinyTeX/texmf-dist/tex/latex/booktabs/booktabs.sty
Package: booktabs 2020/01/12 v1.61803398 Publication quality tables
\heavyrulewidth=\dimen165
\lightrulewidth=\dimen166
\cmidrulewidth=\dimen167
\belowrulesep=\dimen168
\belowbottomsep=\dimen169
\aboverulesep=\dimen170
\abovetopsep=\dimen171
\cmidrulesep=\dimen172
\cmidrulekern=\dimen173
\defaultaddspace=\dimen174
\@cmidla=\count286
\@cmidlb=\count287
\@aboverulesep=\dimen175
\@belowrulesep=\dimen176
\@thisruleclass=\count288
\@lastruleclass=\count289
\@thisrulewidth=\dimen177
) (c:/Users/Leighton/AppData/Roaming/TinyTeX/texmf-dist/tex/latex-dev/tools/longtable.sty
Package: longtable 2024-10-27 v4.22 Multi-page Table package (DPC)
\LTleft=\skip55
\LTright=\skip56
\LTpre=\skip57
\LTpost=\skip58
\LTchunksize=\count290
\LTcapwidth=\dimen178
\LT@head=\box56
\LT@firsthead=\box57
\LT@foot=\box58
\LT@lastfoot=\box59
\LT@gbox=\box60
\LT@cols=\count291
\LT@rows=\count292
\c@LT@tables=\count293
\c@LT@chunks=\count294
\LT@p@ftn=\toks26
) (c:/Users/Leighton/AppData/Roaming/TinyTeX/texmf-dist/tex/latex-dev/tools/array.sty
Package: array 2024/10/17 v2.6g Tabular extension package (FMi)
\col@sep=\dimen179
\ar@mcellbox=\box61
\extrarowheight=\dimen180
\NC@list=\toks27
\extratabsurround=\skip59
\backup@length=\skip60
\ar@cellbox=\box62
) (c:/Users/Leighton/AppData/Roaming/TinyTeX/texmf-dist/tex/latex/multirow/multirow.sty
Package: multirow 2024/11/12 v2.9 Span multiple rows of a table
\multirow@colwidth=\skip61
\multirow@cntb=\count295
\multirow@dima=\skip62
\bigstrutjot=\dimen181
) (c:/Users/Leighton/AppData/Roaming/TinyTeX/texmf-dist/tex/latex/wrapfig/wrapfig.sty
\wrapoverhang=\dimen182
\WF@size=\dimen183
\c@WF@wrappedlines=\count296
\WF@box=\box63
\WF@everypar=\toks28
Package: wrapfig 2003/01/31  v 3.6
) (c:/Users/Leighton/AppData/Roaming/TinyTeX/texmf-dist/tex/latex/float/float.sty
Package: float 2001/11/08 v1.3d Float enhancements (AL)
\c@float@type=\count297
\float@exts=\toks29
\float@box=\box64
\@float@everytoks=\toks30
\@floatcapt=\box65
) (c:/Users/Leighton/AppData/Roaming/TinyTeX/texmf-dist/tex/latex/colortbl/colortbl.sty
Package: colortbl 2024/07/06 v1.0i Color table columns (DPC)
\everycr=\toks31
\minrowclearance=\skip63
\rownum=\count298
) (c:/Users/Leighton/AppData/Roaming/TinyTeX/texmf-dist/tex/latex/pdflscape/pdflscape.sty
Package: pdflscape 2022-10-27 v0.13 Display of landscape pages in PDF
(c:/Users/Leighton/AppData/Roaming/TinyTeX/texmf-dist/tex/latex/pdflscape/pdflscape-nometadata.sty
Package: pdflscape-nometadata 2022-10-28 v0.13 Display of landscape pages in PDF (HO)
(c:/Users/Leighton/AppData/Roaming/TinyTeX/texmf-dist/tex/latex/graphics/lscape.sty
Package: lscape 2020/05/28 v3.02 Landscape Pages (DPC)
)
Package pdflscape Info: Auto-detected driver: pdftex on input line 81.
)) (c:/Users/Leighton/AppData/Roaming/TinyTeX/texmf-dist/tex/latex/tabu/tabu.sty
Package: tabu 2019/01/11 v2.9 - flexible LaTeX tabulars (FC+tabu-fixed)
(c:/Users/Leighton/AppData/Roaming/TinyTeX/texmf-dist/tex/latex/varwidth/varwidth.sty
Package: varwidth 2009/03/30 ver 0.92;  Variable-width minipages
\@vwid@box=\box66
\sift@deathcycles=\count299
\@vwid@loff=\dimen184
\@vwid@roff=\dimen185
)
\c@taburow=\count300
\tabu@nbcols=\count301
\tabu@cnt=\count302
\tabu@Xcol=\count303
\tabu@alloc=\count304
\tabu@nested=\count305
\tabu@target=\dimen186
\tabu@spreadtarget=\dimen187
\tabu@naturalX=\dimen188
\tabucolX=\dimen189
\tabu@Xsum=\dimen190
\extrarowdepth=\dimen191
\abovetabulinesep=\dimen192
\belowtabulinesep=\dimen193
\tabustrutrule=\dimen194
\tabu@thebody=\toks32
\tabu@footnotes=\toks33
\tabu@box=\box67
\tabu@arstrutbox=\box68
\tabu@hleads=\box69
\tabu@vleads=\box70
\tabu@cellskip=\skip64
) (c:/Users/Leighton/AppData/Roaming/TinyTeX/texmf-dist/tex/latex/threeparttable/threeparttable.sty
Package: threeparttable 2003/06/13  v 3.0
\@tempboxb=\box71
) (c:/Users/Leighton/AppData/Roaming/TinyTeX/texmf-dist/tex/latex/threeparttablex/threeparttablex.sty
Package: threeparttablex 2013/07/23 v0.3 by daleif
(c:/Users/Leighton/AppData/Roaming/TinyTeX/texmf-dist/tex/latex/environ/environ.sty
Package: environ 2014/05/04 v0.3 A new way to define environments
(c:/Users/Leighton/AppData/Roaming/TinyTeX/texmf-dist/tex/latex/trimspaces/trimspaces.sty
Package: trimspaces 2009/09/17 v1.1 Trim spaces around a token list
))
\TPTL@width=\skip65
) (c:/Users/Leighton/AppData/Roaming/TinyTeX/texmf-dist/tex/generic/ulem/ulem.sty
\UL@box=\box72
\UL@hyphenbox=\box73
\UL@skip=\skip66
\UL@hook=\toks34
\UL@height=\dimen195
\UL@pe=\count306
\UL@pixel=\dimen196
\ULC@box=\box74
Package: ulem 2019/11/18
\ULdepth=\dimen197
) (c:/Users/Leighton/AppData/Roaming/TinyTeX/texmf-dist/tex/latex/makecell/makecell.sty
Package: makecell 2009/08/03 V0.1e Managing of Tab Column Heads and Cells
\rotheadsize=\dimen198
\c@nlinenum=\count307
\TeXr@lab=\toks35
) (c:/Users/Leighton/AppData/Roaming/TinyTeX/texmf-dist/tex/latex/bookmark/bookmark.sty
Package: bookmark 2023-12-10 v1.31 PDF bookmarks (HO)
(c:/Users/Leighton/AppData/Roaming/TinyTeX/texmf-dist/tex/latex/hyperref/hyperref.sty
Package: hyperref 2024-11-05 v7.01l Hypertext links for LaTeX
(c:/Users/Leighton/AppData/Roaming/TinyTeX/texmf-dist/tex/latex/kvsetkeys/kvsetkeys.sty
Package: kvsetkeys 2022-10-05 v1.19 Key value parser (HO)
) (c:/Users/Leighton/AppData/Roaming/TinyTeX/texmf-dist/tex/generic/kvdefinekeys/kvdefinekeys.sty
Package: kvdefinekeys 2019-12-19 v1.6 Define keys (HO)
) (c:/Users/Leighton/AppData/Roaming/TinyTeX/texmf-dist/tex/generic/pdfescape/pdfescape.sty
Package: pdfescape 2019/12/09 v1.15 Implements pdfTeX's escape features (HO)
(c:/Users/Leighton/AppData/Roaming/TinyTeX/texmf-dist/tex/generic/ltxcmds/ltxcmds.sty
Package: ltxcmds 2023-12-04 v1.26 LaTeX kernel commands for general use (HO)
) (c:/Users/Leighton/AppData/Roaming/TinyTeX/texmf-dist/tex/generic/pdftexcmds/pdftexcmds.sty
Package: pdftexcmds 2020-06-27 v0.33 Utility functions of pdfTeX for LuaTeX (HO)
(c:/Users/Leighton/AppData/Roaming/TinyTeX/texmf-dist/tex/generic/infwarerr/infwarerr.sty
Package: infwarerr 2019/12/03 v1.5 Providing info/warning/error messages (HO)
)
Package pdftexcmds Info: \pdf@primitive is available.
Package pdftexcmds Info: \pdf@ifprimitive is available.
Package pdftexcmds Info: \pdfdraftmode found.
)) (c:/Users/Leighton/AppData/Roaming/TinyTeX/texmf-dist/tex/latex/hycolor/hycolor.sty
Package: hycolor 2020-01-27 v1.10 Color options for hyperref/bookmark (HO)
) (c:/Users/Leighton/AppData/Roaming/TinyTeX/texmf-dist/tex/latex/hyperref/nameref.sty
Package: nameref 2023-11-26 v2.56 Cross-referencing by name of section
(c:/Users/Leighton/AppData/Roaming/TinyTeX/texmf-dist/tex/latex/refcount/refcount.sty
Package: refcount 2019/12/15 v3.6 Data extraction from label references (HO)
) (c:/Users/Leighton/AppData/Roaming/TinyTeX/texmf-dist/tex/generic/gettitlestring/gettitlestring.sty
Package: gettitlestring 2019/12/15 v1.6 Cleanup title references (HO)
(c:/Users/Leighton/AppData/Roaming/TinyTeX/texmf-dist/tex/latex/kvoptions/kvoptions.sty
Package: kvoptions 2022-06-15 v3.15 Key value format for package options (HO)
))
\c@section@level=\count308
) (c:/Users/Leighton/AppData/Roaming/TinyTeX/texmf-dist/tex/latex/etoolbox/etoolbox.sty
Package: etoolbox 2020/10/05 v2.5k e-TeX tools for LaTeX (JAW)
\etb@tempcnta=\count309
) (c:/Users/Leighton/AppData/Roaming/TinyTeX/texmf-dist/tex/generic/stringenc/stringenc.sty
Package: stringenc 2019/11/29 v1.12 Convert strings between diff. encodings (HO)
)
\@linkdim=\dimen199
\Hy@linkcounter=\count310
\Hy@pagecounter=\count311
(c:/Users/Leighton/AppData/Roaming/TinyTeX/texmf-dist/tex/latex/hyperref/pd1enc.def
File: pd1enc.def 2024-11-05 v7.01l Hyperref: PDFDocEncoding definition (HO)
Now handling font encoding PD1 ...
... no UTF-8 mapping file for font encoding PD1
) (c:/Users/Leighton/AppData/Roaming/TinyTeX/texmf-dist/tex/generic/intcalc/intcalc.sty
Package: intcalc 2019/12/15 v1.3 Expandable calculations with integers (HO)
)
\Hy@SavedSpaceFactor=\count312
(c:/Users/Leighton/AppData/Roaming/TinyTeX/texmf-dist/tex/latex/hyperref/puenc.def
File: puenc.def 2024-11-05 v7.01l Hyperref: PDF Unicode definition (HO)
Now handling font encoding PU ...
... no UTF-8 mapping file for font encoding PU
)
Package hyperref Info: Option `unicode' set `true' on input line 4040.
Package hyperref Info: Hyper figures OFF on input line 4157.
Package hyperref Info: Link nesting OFF on input line 4162.
Package hyperref Info: Hyper index ON on input line 4165.
Package hyperref Info: Plain pages OFF on input line 4172.
Package hyperref Info: Backreferencing OFF on input line 4177.
Package hyperref Info: Implicit mode ON; LaTeX internals redefined.
Package hyperref Info: Bookmarks ON on input line 4424.
\c@Hy@tempcnt=\count313
(c:/Users/Leighton/AppData/Roaming/TinyTeX/texmf-dist/tex/latex/url/url.sty
\Urlmuskip=\muskip18
Package: url 2013/09/16  ver 3.4  Verb mode for urls, etc.
)
LaTeX Info: Redefining \url on input line 4763.
\XeTeXLinkMargin=\dimen256
(c:/Users/Leighton/AppData/Roaming/TinyTeX/texmf-dist/tex/generic/bitset/bitset.sty
Package: bitset 2019/12/09 v1.3 Handle bit-vector datatype (HO)
(c:/Users/Leighton/AppData/Roaming/TinyTeX/texmf-dist/tex/generic/bigintcalc/bigintcalc.sty
Package: bigintcalc 2019/12/15 v1.5 Expandable calculations on big integers (HO)
))
\Fld@menulength=\count314
\Field@Width=\dimen257
\Fld@charsize=\dimen258
Package hyperref Info: Hyper figures OFF on input line 6042.
Package hyperref Info: Link nesting OFF on input line 6047.
Package hyperref Info: Hyper index ON on input line 6050.
Package hyperref Info: backreferencing OFF on input line 6057.
Package hyperref Info: Link coloring OFF on input line 6062.
Package hyperref Info: Link coloring with OCG OFF on input line 6067.
Package hyperref Info: PDF/A mode OFF on input line 6072.
(c:/Users/Leighton/AppData/Roaming/TinyTeX/texmf-dist/tex/latex/base/atbegshi-ltx.sty
Package: atbegshi-ltx 2021/01/10 v1.0c Emulation of the original atbegshi
package with kernel methods
)
\Hy@abspage=\count315
\c@Item=\count316
\c@Hfootnote=\count317
)
Package hyperref Info: Driver (autodetected): hpdftex.
(c:/Users/Leighton/AppData/Roaming/TinyTeX/texmf-dist/tex/latex/hyperref/hpdftex.def
File: hpdftex.def 2024-11-05 v7.01l Hyperref driver for pdfTeX
(c:/Users/Leighton/AppData/Roaming/TinyTeX/texmf-dist/tex/latex/base/atveryend-ltx.sty
Package: atveryend-ltx 2020/08/19 v1.0a Emulation of the original atveryend package
with kernel methods
)
\Fld@listcount=\count318
\c@bookmark@seq@number=\count319
(c:/Users/Leighton/AppData/Roaming/TinyTeX/texmf-dist/tex/latex/rerunfilecheck/rerunfilecheck.sty
Package: rerunfilecheck 2022-07-10 v1.10 Rerun checks for auxiliary files (HO)
(c:/Users/Leighton/AppData/Roaming/TinyTeX/texmf-dist/tex/generic/uniquecounter/uniquecounter.sty
Package: uniquecounter 2019/12/15 v1.4 Provide unlimited unique counter (HO)
)
Package uniquecounter Info: New unique counter `rerunfilecheck' on input line 285.
)
\Hy@SectionHShift=\skip67
) (c:/Users/Leighton/AppData/Roaming/TinyTeX/texmf-dist/tex/latex/bookmark/bkm-pdftex.def
File: bkm-pdftex.def 2023-12-10 v1.31 bookmark driver for pdfTeX and luaTeX (HO)
\BKM@id=\count320
))
LaTeX Font Info:    Trying to load font information for T1+lmr on input line 126.
(c:/Users/Leighton/AppData/Roaming/TinyTeX/texmf-dist/tex/latex/lm/t1lmr.fd
File: t1lmr.fd 2015/05/01 v1.6.1 Font defs for Latin Modern
) (c:/Users/Leighton/AppData/Roaming/TinyTeX/texmf-dist/tex/latex/l3backend/l3backend-pdftex.def
File: l3backend-pdftex.def 2024-05-08 L3 backend support: PDF output (pdfTeX)
\l__color_backend_stack_int=\count321
\l__pdf_internal_box=\box75
) (./Paper.aux)
\openout1 = `Paper.aux'.

LaTeX Font Info:    Checking defaults for OML/cmm/m/it on input line 126.
LaTeX Font Info:    ... okay on input line 126.
LaTeX Font Info:    Checking defaults for OMS/cmsy/m/n on input line 126.
LaTeX Font Info:    ... okay on input line 126.
LaTeX Font Info:    Checking defaults for OT1/cmr/m/n on input line 126.
LaTeX Font Info:    ... okay on input line 126.
LaTeX Font Info:    Checking defaults for T1/cmr/m/n on input line 126.
LaTeX Font Info:    ... okay on input line 126.
LaTeX Font Info:    Checking defaults for TS1/cmr/m/n on input line 126.
LaTeX Font Info:    ... okay on input line 126.
LaTeX Font Info:    Checking defaults for OMX/cmex/m/n on input line 126.
LaTeX Font Info:    ... okay on input line 126.
LaTeX Font Info:    Checking defaults for U/cmr/m/n on input line 126.
LaTeX Font Info:    ... okay on input line 126.
LaTeX Font Info:    Checking defaults for PD1/pdf/m/n on input line 126.
LaTeX Font Info:    ... okay on input line 126.
LaTeX Font Info:    Checking defaults for PU/pdf/m/n on input line 126.
LaTeX Font Info:    ... okay on input line 126.
(c:/Users/Leighton/AppData/Roaming/TinyTeX/texmf-dist/tex/latex/epstopdf-pkg/epstopdf-base.sty
Package: epstopdf-base 2020-01-24 v2.11 Base part for package epstopdf
Package epstopdf-base Info: Redefining graphics rule for `.eps' on input line 485.
(c:/Users/Leighton/AppData/Roaming/TinyTeX/texmf-dist/tex/latex/latexconfig/epstopdf-sys.cfg
File: epstopdf-sys.cfg 2010/07/13 v1.3 Configuration of (r)epstopdf for TeX Live
))
*geometry* driver: auto-detecting
*geometry* detected driver: pdftex
*geometry* verbose mode - [ preamble ] result:
* driver: pdftex
* paper: <default>
* layout: <same size as paper>
* layoutoffset:(h,v)=(0.0pt,0.0pt)
* modes: 
* h-part:(L,W,R)=(72.26999pt, 469.75502pt, 72.26999pt)
* v-part:(T,H,B)=(72.26999pt, 650.43001pt, 72.26999pt)
* \paperwidth=614.295pt
* \paperheight=794.96999pt
* \textwidth=469.75502pt
* \textheight=650.43001pt
* \oddsidemargin=0.0pt
* \evensidemargin=0.0pt
* \topmargin=-37.0pt
* \headheight=12.0pt
* \headsep=25.0pt
* \topskip=10.0pt
* \footskip=30.0pt
* \marginparwidth=65.0pt
* \marginparsep=11.0pt
* \columnsep=10.0pt
* \skip\footins=9.0pt plus 4.0pt minus 2.0pt
* \hoffset=0.0pt
* \voffset=0.0pt
* \mag=1000
* \@twocolumnfalse
* \@twosidefalse
* \@mparswitchfalse
* \@reversemarginfalse
* (1in=72.27pt=25.4mm, 1cm=28.453pt)

Package hyperref Info: Link coloring OFF on input line 126.
LaTeX Font Info:    Trying to load font information for OT1+lmr on input line 128.
(c:/Users/Leighton/AppData/Roaming/TinyTeX/texmf-dist/tex/latex/lm/ot1lmr.fd
File: ot1lmr.fd 2015/05/01 v1.6.1 Font defs for Latin Modern
)
LaTeX Font Info:    Trying to load font information for OML+lmm on input line 128.
(c:/Users/Leighton/AppData/Roaming/TinyTeX/texmf-dist/tex/latex/lm/omllmm.fd
File: omllmm.fd 2015/05/01 v1.6.1 Font defs for Latin Modern
)
LaTeX Font Info:    Trying to load font information for OMS+lmsy on input line 128.
(c:/Users/Leighton/AppData/Roaming/TinyTeX/texmf-dist/tex/latex/lm/omslmsy.fd
File: omslmsy.fd 2015/05/01 v1.6.1 Font defs for Latin Modern
)
LaTeX Font Info:    Trying to load font information for OMX+lmex on input line 128.
(c:/Users/Leighton/AppData/Roaming/TinyTeX/texmf-dist/tex/latex/lm/omxlmex.fd
File: omxlmex.fd 2015/05/01 v1.6.1 Font defs for Latin Modern
)
LaTeX Font Info:    External font `lmex10' loaded for size
(Font)              <12> on input line 128.
LaTeX Font Info:    External font `lmex10' loaded for size
(Font)              <8> on input line 128.
LaTeX Font Info:    External font `lmex10' loaded for size
(Font)              <6> on input line 128.
LaTeX Font Info:    Trying to load font information for U+msa on input line 128.
(c:/Users/Leighton/AppData/Roaming/TinyTeX/texmf-dist/tex/latex/amsfonts/umsa.fd
File: umsa.fd 2013/01/14 v3.01 AMS symbols A
)
LaTeX Font Info:    Trying to load font information for U+msb on input line 128.
(c:/Users/Leighton/AppData/Roaming/TinyTeX/texmf-dist/tex/latex/amsfonts/umsb.fd
File: umsb.fd 2013/01/14 v3.01 AMS symbols B
)

[1

{c:/Users/Leighton/AppData/Roaming/TinyTeX/texmf-var/fonts/map/pdftex/updmap/pdftex.map}{c:/Users/Leighton/AppData/Roaming/TinyTeX/texmf-dist/fonts/enc/dvips/lm/lm-ec.enc}] (./Paper.toc
LaTeX Font Info:    External font `lmex10' loaded for size
(Font)              <10> on input line 3.
LaTeX Font Info:    External font `lmex10' loaded for size
(Font)              <7> on input line 3.
LaTeX Font Info:    External font `lmex10' loaded for size
(Font)              <5> on input line 3.


[2])
\tf@toc=\write4
\openout4 = `Paper.toc'.



[3]

[4]

[5]
LaTeX Font Info:    Trying to load font information for TS1+lmr on input line 359.
(c:/Users/Leighton/AppData/Roaming/TinyTeX/texmf-dist/tex/latex/lm/ts1lmr.fd
File: ts1lmr.fd 2015/05/01 v1.6.1 Font defs for Latin Modern
)

[6{c:/Users/Leighton/AppData/Roaming/TinyTeX/texmf-dist/fonts/enc/dvips/lm/lm-ts1.enc}]

[7]
<Paper_files/figure-latex/gg.ad.demo1-1.pdf, id=126, 361.35pt x 216.81pt>
File: Paper_files/figure-latex/gg.ad.demo1-1.pdf Graphic file (type pdf)
<use Paper_files/figure-latex/gg.ad.demo1-1.pdf>
Package pdftex.def Info: Paper_files/figure-latex/gg.ad.demo1-1.pdf  used on input line 499.
(pdftex.def)             Requested size: 150.32504pt x 90.19612pt.
<Paper_files/figure-latex/gg.ad.demo1-2.pdf, id=127, 361.35pt x 216.81pt>
File: Paper_files/figure-latex/gg.ad.demo1-2.pdf Graphic file (type pdf)
<use Paper_files/figure-latex/gg.ad.demo1-2.pdf>
Package pdftex.def Info: Paper_files/figure-latex/gg.ad.demo1-2.pdf  used on input line 499.
(pdftex.def)             Requested size: 150.32504pt x 90.19612pt.
<Paper_files/figure-latex/gg.ad.demo1-3.pdf, id=128, 361.35pt x 216.81pt>
File: Paper_files/figure-latex/gg.ad.demo1-3.pdf Graphic file (type pdf)
<use Paper_files/figure-latex/gg.ad.demo1-3.pdf>
Package pdftex.def Info: Paper_files/figure-latex/gg.ad.demo1-3.pdf  used on input line 499.
(pdftex.def)             Requested size: 150.32504pt x 90.19612pt.
<Paper_files/figure-latex/vars.ad-1.pdf, id=129, 361.35pt x 216.81pt>
File: Paper_files/figure-latex/vars.ad-1.pdf Graphic file (type pdf)
<use Paper_files/figure-latex/vars.ad-1.pdf>
Package pdftex.def Info: Paper_files/figure-latex/vars.ad-1.pdf  used on input line 518.
(pdftex.def)             Requested size: 375.80544pt x 225.48369pt.


[8 <./Paper_files/figure-latex/gg.ad.demo1-1.pdf> <./Paper_files/figure-latex/gg.ad.demo1-2.pdf> <./Paper_files/figure-latex/gg.ad.demo1-3.pdf>]
<Paper_files/figure-latex/gg.ch.demo-1.pdf, id=150, 361.35pt x 216.81pt>
File: Paper_files/figure-latex/gg.ch.demo-1.pdf Graphic file (type pdf)
<use Paper_files/figure-latex/gg.ch.demo-1.pdf>
Package pdftex.def Info: Paper_files/figure-latex/gg.ch.demo-1.pdf  used on input line 558.
(pdftex.def)             Requested size: 150.32504pt x 90.19612pt.
<Paper_files/figure-latex/gg.ch.demo-2.pdf, id=151, 361.35pt x 216.81pt>
File: Paper_files/figure-latex/gg.ch.demo-2.pdf Graphic file (type pdf)
<use Paper_files/figure-latex/gg.ch.demo-2.pdf>
Package pdftex.def Info: Paper_files/figure-latex/gg.ch.demo-2.pdf  used on input line 558.
(pdftex.def)             Requested size: 150.32504pt x 90.19612pt.
<Paper_files/figure-latex/gg.ch.demo-3.pdf, id=152, 361.35pt x 216.81pt>
File: Paper_files/figure-latex/gg.ch.demo-3.pdf Graphic file (type pdf)
<use Paper_files/figure-latex/gg.ch.demo-3.pdf>
Package pdftex.def Info: Paper_files/figure-latex/gg.ch.demo-3.pdf  used on input line 558.
(pdftex.def)             Requested size: 150.32504pt x 90.19612pt.
<Paper_files/figure-latex/vars.ch-1.pdf, id=153, 361.35pt x 216.81pt>
File: Paper_files/figure-latex/vars.ch-1.pdf Graphic file (type pdf)
<use Paper_files/figure-latex/vars.ch-1.pdf>
Package pdftex.def Info: Paper_files/figure-latex/vars.ch-1.pdf  used on input line 575.
(pdftex.def)             Requested size: 375.80544pt x 225.48369pt.


[9 <./Paper_files/figure-latex/vars.ad-1.pdf> <./Paper_files/figure-latex/gg.ch.demo-1.pdf> <./Paper_files/figure-latex/gg.ch.demo-2.pdf> <./Paper_files/figure-latex/gg.ch.demo-3.pdf>]

[10 <./Paper_files/figure-latex/vars.ch-1.pdf>]

[11]

[12]
<Paper_files/figure-latex/elbow.llik.ad-1.pdf, id=203, 361.35pt x 216.81pt>
File: Paper_files/figure-latex/elbow.llik.ad-1.pdf Graphic file (type pdf)
<use Paper_files/figure-latex/elbow.llik.ad-1.pdf>
Package pdftex.def Info: Paper_files/figure-latex/elbow.llik.ad-1.pdf  used on input line 836.
(pdftex.def)             Requested size: 234.8775pt x 140.92813pt.
<Paper_files/figure-latex/distr.ad-1.pdf, id=204, 361.35pt x 216.81pt>
File: Paper_files/figure-latex/distr.ad-1.pdf Graphic file (type pdf)
<use Paper_files/figure-latex/distr.ad-1.pdf>
Package pdftex.def Info: Paper_files/figure-latex/distr.ad-1.pdf  used on input line 862.
(pdftex.def)             Requested size: 361.34912pt x 216.80946pt.


[13 <./Paper_files/figure-latex/elbow.llik.ad-1.pdf>]
<Paper_files/figure-latex/mins.ad-1.pdf, id=217, 361.35pt x 216.81pt>
File: Paper_files/figure-latex/mins.ad-1.pdf Graphic file (type pdf)
<use Paper_files/figure-latex/mins.ad-1.pdf>
Package pdftex.def Info: Paper_files/figure-latex/mins.ad-1.pdf  used on input line 894.
(pdftex.def)             Requested size: 234.8775pt x 140.92813pt.
<Paper_files/figure-latex/byage.ad-1.pdf, id=218, 361.35pt x 216.81pt>
File: Paper_files/figure-latex/byage.ad-1.pdf Graphic file (type pdf)
<use Paper_files/figure-latex/byage.ad-1.pdf>
Package pdftex.def Info: Paper_files/figure-latex/byage.ad-1.pdf  used on input line 910.
(pdftex.def)             Requested size: 234.8775pt x 140.92813pt.

LaTeX Warning: `!h' float specifier changed to `!ht'.



[14 <./Paper_files/figure-latex/distr.ad-1.pdf> <./Paper_files/figure-latex/mins.ad-1.pdf>]
<Paper_files/figure-latex/elbow.llik.ch-1.pdf, id=237, 361.35pt x 216.81pt>
File: Paper_files/figure-latex/elbow.llik.ch-1.pdf Graphic file (type pdf)
<use Paper_files/figure-latex/elbow.llik.ch-1.pdf>
Package pdftex.def Info: Paper_files/figure-latex/elbow.llik.ch-1.pdf  used on input line 978.
(pdftex.def)             Requested size: 234.8775pt x 140.92813pt.
<Paper_files/figure-latex/distr.ch-1.pdf, id=238, 361.35pt x 216.81pt>
File: Paper_files/figure-latex/distr.ch-1.pdf Graphic file (type pdf)
<use Paper_files/figure-latex/distr.ch-1.pdf>
Package pdftex.def Info: Paper_files/figure-latex/distr.ch-1.pdf  used on input line 1001.
(pdftex.def)             Requested size: 328.82707pt x 197.2974pt.


[15 <./Paper_files/figure-latex/byage.ad-1.pdf>]
<Paper_files/figure-latex/mins.ch-1.pdf, id=251, 361.35pt x 216.81pt>
File: Paper_files/figure-latex/mins.ch-1.pdf Graphic file (type pdf)
<use Paper_files/figure-latex/mins.ch-1.pdf>
Package pdftex.def Info: Paper_files/figure-latex/mins.ch-1.pdf  used on input line 1036.
(pdftex.def)             Requested size: 234.8775pt x 140.92813pt.


[16 <./Paper_files/figure-latex/elbow.llik.ch-1.pdf> <./Paper_files/figure-latex/distr.ch-1.pdf>]
<Paper_files/figure-latex/byage.ch-1.pdf, id=270, 361.35pt x 216.81pt>
File: Paper_files/figure-latex/byage.ch-1.pdf Graphic file (type pdf)
<use Paper_files/figure-latex/byage.ch-1.pdf>
Package pdftex.def Info: Paper_files/figure-latex/byage.ch-1.pdf  used on input line 1052.
(pdftex.def)             Requested size: 234.8775pt x 140.92813pt.


[17 <./Paper_files/figure-latex/mins.ch-1.pdf> <./Paper_files/figure-latex/byage.ch-1.pdf>]

[18]

[19]

[20]

[21]

[22]

[23]

[24]
Overfull \hbox (65.44066pt too wide) in paragraph at lines 1607--1623
 [][] 
 []



[25]
Underfull \hbox (badness 1496) in paragraph at lines 1656--1660
\T1/lmr/m/n/10 The to-tal min-utes of ex-er-cise in this dis-ser-ta-tion are cal-cu-lated as the sum of vig-or-ous (orig-i-
 []


Underfull \hbox (badness 2005) in paragraph at lines 1656--1660
\T1/lmr/m/n/10 nal vari-able: DUR_HVY_CAPPED_SPORTCOUNT_A01) and mod-er-ate plus (orig-i-nal vari-able:
 []



[26]

[27]
Underfull \hbox (badness 2573) in paragraph at lines 1897--1903
\T1/lmr/m/n/10 Moderate and vig-or-ous ex-er-cises were com-bined into a sin-gle vari-able (orig-i-nal vari-able name:
 []


Underfull \hbox (badness 1596) in paragraph at lines 1897--1903
\T1/lmr/m/n/10 mins_modplus_outschool_Week_ALL). Ac-cord-ing to Sport Eng-land (2024), mod-er-ate ac-tiv-ity in-
 []



[28]

[29]

[30]
LaTeX Font Info:    Trying to load font information for T1+lmtt on input line 2094.
(c:/Users/Leighton/AppData/Roaming/TinyTeX/texmf-dist/tex/latex/lm/t1lmtt.fd
File: t1lmtt.fd 2015/05/01 v1.6.1 Font defs for Latin Modern
)

[31]

[32]

[33]

[34]

[35]

[36]
Overfull \hbox (39.4935pt too wide) in paragraph at lines 2402--2402
[]\T1/lmtt/m/n/10 +   enjoyb ~ c(a1_adult, a1_youth)*age + c(g1_adult, g1_youth)*gender + c(e1_adult, e1_youth)*eth[] 
 []


Overfull \hbox (39.4935pt too wide) in paragraph at lines 2402--2402
[]\T1/lmtt/m/n/10 +   guiltb ~ c(a2_adult, a2_youth)*age + c(g2_adult, g2_youth)*gender + c(e2_adult, e2_youth)*eth[] 
 []


Overfull \hbox (39.4935pt too wide) in paragraph at lines 2402--2402
[]\T1/lmtt/m/n/10 +   oppb   ~ c(a3_adult, a3_youth)*age + c(g3_adult, g3_youth)*gender + c(e3_adult, e3_youth)*eth[] 
 []


Overfull \hbox (39.4935pt too wide) in paragraph at lines 2402--2402
[]\T1/lmtt/m/n/10 +   fitb   ~ c(a4_adult, a4_youth)*age + c(g4_adult, g4_youth)*gender + c(e4_adult, e4_youth)*eth[] 
 []


Overfull \hbox (39.4935pt too wide) in paragraph at lines 2402--2402
[]\T1/lmtt/m/n/10 +   socialb~ c(a5_adult, a5_youth)*age + c(g5_adult, g5_youth)*gender + c(e5_adult, e5_youth)*eth[] 
 []


Overfull \hbox (28.99353pt too wide) in paragraph at lines 2402--2402
[]\T1/lmtt/m/n/10 +   relxb~ c(a6_adult, a6_youth)*age + c(g6_adult, g6_youth)*gender + c(e6_adult, e6_youth)*eth[] 
 []


Overfull \hbox (60.49344pt too wide) in paragraph at lines 2402--2402
[]\T1/lmtt/m/n/10 +   mins ~ c(b1_adult, b1_youth)*enjoyb + c(b2_adult, b2_youth)*guiltb + c(b3_adult, b3_youth)*oppb +[] 
 []


Overfull \hbox (55.24345pt too wide) in paragraph at lines 2402--2402
[]\T1/lmtt/m/n/10 +           c(b4_adult, b4_youth)*fitb + c(b5_adult, b5_youth)*socialb + c(b6_adult, b6_youth)*relxb[] 
 []


Overfull \hbox (13.24358pt too wide) in paragraph at lines 2499--2499
[]\T1/lmtt/m/n/10 +   mins ~ c("a1","a1")*enjoyb + guiltb + oppb + fitb + socialb + age + gender + eth + relxb[] 
 []



[37]

[38]

[39]

[40]

[41]

[42]

[43]

[44]

[45]

[46]

[47]
Overfull \hbox (112.99329pt too wide) in paragraph at lines 3254--3254
[]\T1/lmtt/m/n/10 +             Mean = mean(mins_modplus_outschool_Week_ALL[mins_modplus_outschool_Week_ALL > 0 ], na.rm = TRUE),[] 
 []


Overfull \hbox (128.74324pt too wide) in paragraph at lines 3254--3254
[]\T1/lmtt/m/n/10 +             Median = median(mins_modplus_outschool_Week_ALL[mins_modplus_outschool_Week_ALL > 0], na.rm = TRUE),[] 
 []


Overfull \hbox (86.74336pt too wide) in paragraph at lines 3254--3254
[]\T1/lmtt/m/n/10 +             SD = sd(mins_modplus_outschool_Week_ALL[mins_modplus_outschool_Week_ALL > 0], na.rm = TRUE),[] 
 []



[48]

[49]
LaTeX Font Info:    Trying to load font information for TS1+lmtt on input line 3254.
(c:/Users/Leighton/AppData/Roaming/TinyTeX/texmf-dist/tex/latex/lm/ts1lmtt.fd
File: ts1lmtt.fd 2015/05/01 v1.6.1 Font defs for Latin Modern
)

[50]
Overfull \hbox (97.24333pt too wide) in paragraph at lines 3254--3254
[]\T1/lmtt/m/n/10 +   labs(x = "Age group", y = "Proportion", fill = "Class", title = "Class Distributionss by Age, Youths") +[] 
 []


Overfull \hbox (23.74355pt too wide) in paragraph at lines 3254--3254
[]\T1/lmtt/m/n/10 > gg.vars.ch <- ggplot(child.lik_long, aes(x = factor(age), y = prop, fill = factor(score))) +[] 
 []



[51]
Overfull \hbox (97.24333pt too wide) in paragraph at lines 3254--3254
[]\T1/lmtt/m/n/10 +   labs(x = "Age group", y = "Proportion", fill = "Class", title = "Class Distributionss by Age, Adults") +[] 
 []


Overfull \hbox (23.74355pt too wide) in paragraph at lines 3254--3254
[]\T1/lmtt/m/n/10 > gg.vars.ad <- ggplot(adult.lik_long, aes(x = factor(age), y = prop, fill = factor(score))) +[] 
 []



[52]
Overfull \hbox (13.24358pt too wide) in paragraph at lines 3254--3254
[]\T1/lmtt/m/n/10 > va3 <- c("Motivation for sport/exercise: I find sport/exercise enjoyable and satisfying.",[] 
 []


Overfull \hbox (2.7436pt too wide) in paragraph at lines 3254--3254
[]\T1/lmtt/m/n/10 +          "Motivation for sport/exercise: I feel guilty when I don't do sport/exercise.",[] 
 []


Overfull \hbox (39.4935pt too wide) in paragraph at lines 3254--3254
[]\T1/lmtt/m/n/10 +          "Motivation for sport/exercise: It's important to me to do sport/exercise regularly.",[] 
 []



[53]
LaTeX Font Info:    Font shape `T1/lmtt/bx/n' in size <10> not available
(Font)              Font shape `T1/lmtt/b/n' tried instead on input line 3263.

Overfull \vbox (1.23935pt too high) detected at line 3363
 []



[54]

[55] (./Paper.aux)
 ***********
LaTeX2e <2024-06-01>
L3 programming layer <2024-05-08>
 ***********
 ) 
Here is how much of TeX's memory you used:
 13735 strings out of 475559
 219154 string characters out of 5775834
 1959893 words of memory out of 5000000
 35983 multiletter control sequences out of 15000+600000
 609793 words of font info for 81 fonts, out of 8000000 for 9000
 14 hyphenation exceptions out of 8191
 89i,10n,93p,691b,590s stack positions out of 10000i,1000n,20000p,200000b,200000s
<c:/Users/Leighton/AppData/Roaming/TinyTeX/texmf-dist/fonts/type1/public/lm/lmbx10.pfb><c:/Users/Leighton/AppData/Roaming/TinyTeX/texmf-dist/fonts/type1/public/lm/lmbx12.pfb><c:/Users/Leighton/AppData/Roaming/TinyTeX/texmf-dist/fonts/type1/public/lm/lmr10.pfb><c:/Users/Leighton/AppData/Roaming/TinyTeX/texmf-dist/fonts/type1/public/lm/lmr12.pfb><c:/Users/Leighton/AppData/Roaming/TinyTeX/texmf-dist/fonts/type1/public/lm/lmr17.pfb><c:/Users/Leighton/AppData/Roaming/TinyTeX/texmf-dist/fonts/type1/public/lm/lmri10.pfb><c:/Users/Leighton/AppData/Roaming/TinyTeX/texmf-dist/fonts/type1/public/lm/lmtk10.pfb><c:/Users/Leighton/AppData/Roaming/TinyTeX/texmf-dist/fonts/type1/public/lm/lmtt10.pfb>
Output written on Paper.pdf (55 pages, 425926 bytes).
PDF statistics:
 741 PDF objects out of 1000 (max. 8388607)
 627 compressed objects within 7 object streams
 124 named destinations out of 1000 (max. 500000)
 409 words of extra memory for PDF output out of 10000 (max. 10000000)

